# JRE version: Java(TM) SE Runtime Environment (8.0_121-b13) (build 1.8.0_121-b13)
# Java VM: Java HotSpot(TM) 64-Bit Server VM (25.121-b13 mixed mode bsd-amd64 compressed oops)
Heap:
 PSYoungGen      total 206848K, used 155975K [0x00000007b0000000, 0x00000007c0000000, 0x00000007c0000000)
  eden space 149504K, 82% used [0x00000007b0000000,0x00000007b77d5c50,0x00000007b9200000)
  from space 57344K, 58% used [0x00000007bc800000,0x00000007be87c1c0,0x00000007c0000000)
  to   space 55296K, 0% used [0x00000007b9200000,0x00000007b9200000,0x00000007bc800000)
 ParOldGen       total 524288K, used 112548K [0x0000000790000000, 0x00000007b0000000, 0x00000007b0000000)
  object space 524288K, 21% used [0x0000000790000000,0x0000000796de92d8,0x00000007b0000000)
 Metaspace       used 75591K, capacity 79586K, committed 79640K, reserved 1118208K
  class space    used 9761K, capacity 11048K, committed 11056K, reserved 1048576K
GC Heap History (10 events):
Event: 871.854 GC heap before
{Heap before GC invocations=41 (full 3):
 PSYoungGen      total 196096K, used 163939K [0x00000007b0000000, 0x00000007c0000000, 0x00000007c0000000)
  eden space 130048K, 100% used [0x00000007b0000000,0x00000007b7f00000,0x00000007b7f00000)
  from space 66048K, 51% used [0x00000007b7f00000,0x00000007ba018c80,0x00000007bbf80000)
  to   space 62976K, 0% used [0x00000007bc280000,0x00000007bc280000,0x00000007c0000000)
 ParOldGen       total 524288K, used 95359K [0x0000000790000000, 0x00000007b0000000, 0x00000007b0000000)
  object space 524288K, 18% used [0x0000000790000000,0x0000000795d1ffb0,0x00000007b0000000)
 Metaspace       used 73377K, capacity 76666K, committed 76952K, reserved 1116160K
  class space    used 9469K, capacity 10586K, committed 10672K, reserved 1048576K
Event: 871.906 GC heap after
Heap after GC invocations=41 (full 3):
 PSYoungGen      total 200704K, used 36233K [0x00000007b0000000, 0x00000007c0000000, 0x00000007c0000000)
  eden space 137728K, 0% used [0x00000007b0000000,0x00000007b0000000,0x00000007b8680000)
  from space 62976K, 57% used [0x00000007bc280000,0x00000007be5e27e0,0x00000007c0000000)
  to   space 61440K, 0% used [0x00000007b8680000,0x00000007b8680000,0x00000007bc280000)
 ParOldGen       total 524288K, used 99596K [0x0000000790000000, 0x00000007b0000000, 0x00000007b0000000)
  object space 524288K, 18% used [0x0000000790000000,0x0000000796143010,0x00000007b0000000)
 Metaspace       used 73377K, capacity 76666K, committed 76952K, reserved 1116160K
  class space    used 9469K, capacity 10586K, committed 10672K, reserved 1048576K
}
Event: 901.774 GC heap before
{Heap before GC invocations=42 (full 3):
 PSYoungGen      total 200704K, used 173904K [0x00000007b0000000, 0x00000007c0000000, 0x00000007c0000000)
  eden space 137728K, 99% used [0x00000007b0000000,0x00000007b8671958,0x00000007b8680000)
  from space 62976K, 57% used [0x00000007bc280000,0x00000007be5e27e0,0x00000007c0000000)
  to   space 61440K, 0% used [0x00000007b8680000,0x00000007b8680000,0x00000007bc280000)
 ParOldGen       total 524288K, used 99596K [0x0000000790000000, 0x00000007b0000000, 0x00000007b0000000)
  object space 524288K, 18% used [0x0000000790000000,0x0000000796143010,0x00000007b0000000)
 Metaspace       used 74577K, capacity 77924K, committed 78104K, reserved 1116160K
  class space    used 9570K, capacity 10707K, committed 10800K, reserved 1048576K
Event: 901.828 GC heap after
Heap after GC invocations=42 (full 3):
 PSYoungGen      total 199168K, used 39869K [0x00000007b0000000, 0x00000007c0000000, 0x00000007c0000000)
  eden space 137728K, 0% used [0x00000007b0000000,0x00000007b0000000,0x00000007b8680000)
  from space 61440K, 64% used [0x00000007b8680000,0x00000007bad6f5e0,0x00000007bc280000)
  to   space 60928K, 0% used [0x00000007bc480000,0x00000007bc480000,0x00000007c0000000)
 ParOldGen       total 524288K, used 102926K [0x0000000790000000, 0x00000007b0000000, 0x00000007b0000000)
  object space 524288K, 19% used [0x0000000790000000,0x0000000796483be0,0x00000007b0000000)
 Metaspace       used 74577K, capacity 77924K, committed 78104K, reserved 1116160K
  class space    used 9570K, capacity 10707K, committed 10800K, reserved 1048576K
}
Event: 910.582 GC heap before
{Heap before GC invocations=43 (full 3):
 PSYoungGen      total 199168K, used 176718K [0x00000007b0000000, 0x00000007c0000000, 0x00000007c0000000)
  eden space 137728K, 99% used [0x00000007b0000000,0x00000007b85a4260,0x00000007b8680000)
  from space 61440K, 64% used [0x00000007b8680000,0x00000007bad6f5e0,0x00000007bc280000)
  to   space 60928K, 0% used [0x00000007bc480000,0x00000007bc480000,0x00000007c0000000)
 ParOldGen       total 524288K, used 102926K [0x0000000790000000, 0x00000007b0000000, 0x00000007b0000000)
  object space 524288K, 19% used [0x0000000790000000,0x0000000796483be0,0x00000007b0000000)
 Metaspace       used 74729K, capacity 78124K, committed 78360K, reserved 1116160K
  class space    used 9601K, capacity 10724K, committed 10800K, reserved 1048576K
Event: 910.625 GC heap after
Heap after GC invocations=43 (full 3):
 PSYoungGen      total 202240K, used 37910K [0x00000007b0000000, 0x00000007c0000000, 0x00000007c0000000)
  eden space 141312K, 0% used [0x00000007b0000000,0x00000007b0000000,0x00000007b8a00000)
  from space 60928K, 62% used [0x00000007bc480000,0x00000007be985808,0x00000007c0000000)
  to   space 59904K, 0% used [0x00000007b8a00000,0x00000007b8a00000,0x00000007bc480000)
 ParOldGen       total 524288K, used 105454K [0x0000000790000000, 0x00000007b0000000, 0x00000007b0000000)
  object space 524288K, 20% used [0x0000000790000000,0x00000007966fbbe0,0x00000007b0000000)
 Metaspace       used 74729K, capacity 78124K, committed 78360K, reserved 1116160K
  class space    used 9601K, capacity 10724K, committed 10800K, reserved 1048576K
}
Event: 917.545 GC heap before
{Heap before GC invocations=44 (full 3):
 PSYoungGen      total 202240K, used 179222K [0x00000007b0000000, 0x00000007c0000000, 0x00000007c0000000)
  eden space 141312K, 100% used [0x00000007b0000000,0x00000007b8a00000,0x00000007b8a00000)
  from space 60928K, 62% used [0x00000007bc480000,0x00000007be985808,0x00000007c0000000)
  to   space 59904K, 0% used [0x00000007b8a00000,0x00000007b8a00000,0x00000007bc480000)
 ParOldGen       total 524288K, used 105454K [0x0000000790000000, 0x00000007b0000000, 0x00000007b0000000)
  object space 524288K, 20% used [0x0000000790000000,0x00000007966fbbe0,0x00000007b0000000)
 Metaspace       used 74886K, capacity 78356K, committed 78616K, reserved 1118208K
  class space    used 9636K, capacity 10772K, committed 10800K, reserved 1048576K
Event: 917.580 GC heap after
Heap after GC invocations=44 (full 3):
 PSYoungGen      total 201216K, used 33559K [0x00000007b0000000, 0x00000007c0000000, 0x00000007c0000000)
  eden space 141312K, 0% used [0x00000007b0000000,0x00000007b0000000,0x00000007b8a00000)
  from space 59904K, 56% used [0x00000007b8a00000,0x00000007baac5cc0,0x00000007bc480000)
  to   space 57344K, 0% used [0x00000007bc800000,0x00000007bc800000,0x00000007c0000000)
 ParOldGen       total 524288K, used 109951K [0x0000000790000000, 0x00000007b0000000, 0x00000007b0000000)
  object space 524288K, 20% used [0x0000000790000000,0x0000000796b5fe50,0x00000007b0000000)
 Metaspace       used 74886K, capacity 78356K, committed 78616K, reserved 1118208K
  class space    used 9636K, capacity 10772K, committed 10800K, reserved 1048576K
}
Event: 932.598 GC heap before
{Heap before GC invocations=45 (full 3):
 PSYoungGen      total 201216K, used 174871K [0x00000007b0000000, 0x00000007c0000000, 0x00000007c0000000)
  eden space 141312K, 100% used [0x00000007b0000000,0x00000007b8a00000,0x00000007b8a00000)
  from space 59904K, 56% used [0x00000007b8a00000,0x00000007baac5cc0,0x00000007bc480000)
  to   space 57344K, 0% used [0x00000007bc800000,0x00000007bc800000,0x00000007c0000000)
 ParOldGen       total 524288K, used 109951K [0x0000000790000000, 0x00000007b0000000, 0x00000007b0000000)
  object space 524288K, 20% used [0x0000000790000000,0x0000000796b5fe50,0x00000007b0000000)
 Metaspace       used 75389K, capacity 79180K, committed 79256K, reserved 1118208K
  class space    used 9712K, capacity 10893K, committed 10928K, reserved 1048576K
Event: 932.630 GC heap after
Heap after GC invocations=45 (full 3):
 PSYoungGen      total 206848K, used 33264K [0x00000007b0000000, 0x00000007c0000000, 0x00000007c0000000)
  eden space 149504K, 0% used [0x00000007b0000000,0x00000007b0000000,0x00000007b9200000)
  from space 57344K, 58% used [0x00000007bc800000,0x00000007be87c1c0,0x00000007c0000000)
  to   space 55296K, 0% used [0x00000007b9200000,0x00000007b9200000,0x00000007bc800000)
 ParOldGen       total 524288K, used 112548K [0x0000000790000000, 0x00000007b0000000, 0x00000007b0000000)
  object space 524288K, 21% used [0x0000000790000000,0x0000000796de92d8,0x00000007b0000000)
 Metaspace       used 75389K, capacity 79180K, committed 79256K, reserved 1118208K
  class space    used 9712K, capacity 10893K, committed 10928K, reserved 1048576K
}

