# JRE version: Java(TM) SE Runtime Environment (8.0_191-b12) (build 1.8.0_191-b12)
# Java VM: Java HotSpot(TM) 64-Bit Server VM (25.191-b12 mixed mode linux-amd64 compressed oops)
Heap:
 PSYoungGen      total 223232K, used 20475K [0x00000000f0000000, 0x0000000100000000, 0x0000000100000000)
  eden space 185856K, 5% used [0x00000000f0000000,0x00000000f0aa7ae0,0x00000000fb580000)
  from space 37376K, 25% used [0x00000000fb580000,0x00000000fbed7300,0x00000000fda00000)
  to   space 35328K, 0% used [0x00000000fdd80000,0x00000000fdd80000,0x0000000100000000)
 ParOldGen       total 524288K, used 157203K [0x00000000d0000000, 0x00000000f0000000, 0x00000000f0000000)
  object space 524288K, 29% used [0x00000000d0000000,0x00000000d9984d60,0x00000000f0000000)
 Metaspace       used 80959K, capacity 86262K, committed 86528K, reserved 1124352K
  class space    used 10624K, capacity 12168K, committed 12288K, reserved 1048576K
GC Heap History (10 events):
Event: 4950.396 GC heap before
{Heap before GC invocations=66 (full 3):
 PSYoungGen      total 218112K, used 181004K [0x00000000f0000000, 0x0000000100000000, 0x0000000100000000)
  eden space 172032K, 100% used [0x00000000f0000000,0x00000000fa800000,0x00000000fa800000)
  from space 46080K, 19% used [0x00000000fd300000,0x00000000fdbc31c0,0x0000000100000000)
  to   space 44032K, 0% used [0x00000000fa800000,0x00000000fa800000,0x00000000fd300000)
 ParOldGen       total 524288K, used 154338K [0x00000000d0000000, 0x00000000f0000000, 0x00000000f0000000)
  object space 524288K, 29% used [0x00000000d0000000,0x00000000d96b8988,0x00000000f0000000)
 Metaspace       used 79868K, capacity 84734K, committed 84992K, reserved 1122304K
  class space    used 10383K, capacity 11749K, committed 11776K, reserved 1048576K
Event: 4950.408 GC heap after
Heap after GC invocations=66 (full 3):
 PSYoungGen      total 216064K, used 8812K [0x00000000f0000000, 0x0000000100000000, 0x0000000100000000)
  eden space 172032K, 0% used [0x00000000f0000000,0x00000000f0000000,0x00000000fa800000)
  from space 44032K, 20% used [0x00000000fa800000,0x00000000fb09b1c0,0x00000000fd300000)
  to   space 42496K, 0% used [0x00000000fd680000,0x00000000fd680000,0x0000000100000000)
 ParOldGen       total 524288K, used 155271K [0x00000000d0000000, 0x00000000f0000000, 0x00000000f0000000)
  object space 524288K, 29% used [0x00000000d0000000,0x00000000d97a1ee0,0x00000000f0000000)
 Metaspace       used 79868K, capacity 84734K, committed 84992K, reserved 1122304K
  class space    used 10383K, capacity 11749K, committed 11776K, reserved 1048576K
}
Event: 5040.396 GC heap before
{Heap before GC invocations=67 (full 3):
 PSYoungGen      total 216064K, used 180303K [0x00000000f0000000, 0x0000000100000000, 0x0000000100000000)
  eden space 172032K, 99% used [0x00000000f0000000,0x00000000fa778da0,0x00000000fa800000)
  from space 44032K, 20% used [0x00000000fa800000,0x00000000fb09b1c0,0x00000000fd300000)
  to   space 42496K, 0% used [0x00000000fd680000,0x00000000fd680000,0x0000000100000000)
 ParOldGen       total 524288K, used 155271K [0x00000000d0000000, 0x00000000f0000000, 0x00000000f0000000)
  object space 524288K, 29% used [0x00000000d0000000,0x00000000d97a1ee0,0x00000000f0000000)
 Metaspace       used 80137K, capacity 85110K, committed 85376K, reserved 1122304K
  class space    used 10441K, capacity 11853K, committed 11904K, reserved 1048576K
Event: 5040.406 GC heap after
Heap after GC invocations=67 (full 3):
 PSYoungGen      total 221696K, used 9484K [0x00000000f0000000, 0x0000000100000000, 0x0000000100000000)
  eden space 179200K, 0% used [0x00000000f0000000,0x00000000f0000000,0x00000000faf00000)
  from space 42496K, 22% used [0x00000000fd680000,0x00000000fdfc31e0,0x0000000100000000)
  to   space 40448K, 0% used [0x00000000faf00000,0x00000000faf00000,0x00000000fd680000)
 ParOldGen       total 524288K, used 155923K [0x00000000d0000000, 0x00000000f0000000, 0x00000000f0000000)
  object space 524288K, 29% used [0x00000000d0000000,0x00000000d9844d30,0x00000000f0000000)
 Metaspace       used 80137K, capacity 85110K, committed 85376K, reserved 1122304K
  class space    used 10441K, capacity 11853K, committed 11904K, reserved 1048576K
}
Event: 5183.017 GC heap before
{Heap before GC invocations=68 (full 3):
 PSYoungGen      total 221696K, used 188684K [0x00000000f0000000, 0x0000000100000000, 0x0000000100000000)
  eden space 179200K, 100% used [0x00000000f0000000,0x00000000faf00000,0x00000000faf00000)
  from space 42496K, 22% used [0x00000000fd680000,0x00000000fdfc31e0,0x0000000100000000)
  to   space 40448K, 0% used [0x00000000faf00000,0x00000000faf00000,0x00000000fd680000)
 ParOldGen       total 524288K, used 155923K [0x00000000d0000000, 0x00000000f0000000, 0x00000000f0000000)
  object space 524288K, 29% used [0x00000000d0000000,0x00000000d9844d30,0x00000000f0000000)
 Metaspace       used 80204K, capacity 85266K, committed 85376K, reserved 1122304K
  class space    used 10462K, capacity 11899K, committed 11904K, reserved 1048576K
Event: 5183.024 GC heap after
Heap after GC invocations=68 (full 3):
 PSYoungGen      total 219648K, used 7852K [0x00000000f0000000, 0x0000000100000000, 0x0000000100000000)
  eden space 179200K, 0% used [0x00000000f0000000,0x00000000f0000000,0x00000000faf00000)
  from space 40448K, 19% used [0x00000000faf00000,0x00000000fb6ab1c0,0x00000000fd680000)
  to   space 38912K, 0% used [0x00000000fda00000,0x00000000fda00000,0x0000000100000000)
 ParOldGen       total 524288K, used 156991K [0x00000000d0000000, 0x00000000f0000000, 0x00000000f0000000)
  object space 524288K, 29% used [0x00000000d0000000,0x00000000d994fd50,0x00000000f0000000)
 Metaspace       used 80204K, capacity 85266K, committed 85376K, reserved 1122304K
  class space    used 10462K, capacity 11899K, committed 11904K, reserved 1048576K
}
Event: 5197.793 GC heap before
{Heap before GC invocations=69 (full 3):
 PSYoungGen      total 219648K, used 186028K [0x00000000f0000000, 0x0000000100000000, 0x0000000100000000)
  eden space 179200K, 99% used [0x00000000f0000000,0x00000000fae001d0,0x00000000faf00000)
  from space 40448K, 19% used [0x00000000faf00000,0x00000000fb6ab1c0,0x00000000fd680000)
  to   space 38912K, 0% used [0x00000000fda00000,0x00000000fda00000,0x0000000100000000)
 ParOldGen       total 524288K, used 156991K [0x00000000d0000000, 0x00000000f0000000, 0x00000000f0000000)
  object space 524288K, 29% used [0x00000000d0000000,0x00000000d994fd50,0x00000000f0000000)
 Metaspace       used 80542K, capacity 85706K, committed 85760K, reserved 1122304K
  class space    used 10540K, capacity 12003K, committed 12032K, reserved 1048576K
Event: 5197.803 GC heap after
Heap after GC invocations=69 (full 3):
 PSYoungGen      total 224768K, used 8156K [0x00000000f0000000, 0x0000000100000000, 0x0000000100000000)
  eden space 185856K, 0% used [0x00000000f0000000,0x00000000f0000000,0x00000000fb580000)
  from space 38912K, 20% used [0x00000000fda00000,0x00000000fe1f71f0,0x0000000100000000)
  to   space 37376K, 0% used [0x00000000fb580000,0x00000000fb580000,0x00000000fda00000)
 ParOldGen       total 524288K, used 157171K [0x00000000d0000000, 0x00000000f0000000, 0x00000000f0000000)
  object space 524288K, 29% used [0x00000000d0000000,0x00000000d997cd60,0x00000000f0000000)
 Metaspace       used 80542K, capacity 85706K, committed 85760K, reserved 1122304K
  class space    used 10540K, capacity 12003K, committed 12032K, reserved 1048576K
}
Event: 5213.664 GC heap before
{Heap before GC invocations=70 (full 3):
 PSYoungGen      total 224768K, used 194012K [0x00000000f0000000, 0x0000000100000000, 0x0000000100000000)
  eden space 185856K, 100% used [0x00000000f0000000,0x00000000fb580000,0x00000000fb580000)
  from space 38912K, 20% used [0x00000000fda00000,0x00000000fe1f71f0,0x0000000100000000)
  to   space 37376K, 0% used [0x00000000fb580000,0x00000000fb580000,0x00000000fda00000)
 ParOldGen       total 524288K, used 157171K [0x00000000d0000000, 0x00000000f0000000, 0x00000000f0000000)
  object space 524288K, 29% used [0x00000000d0000000,0x00000000d997cd60,0x00000000f0000000)
 Metaspace       used 80881K, capacity 86124K, committed 86400K, reserved 1124352K
  class space    used 10607K, capacity 12120K, committed 12160K, reserved 1048576K
Event: 5213.677 GC heap after
Heap after GC invocations=70 (full 3):
 PSYoungGen      total 223232K, used 9564K [0x00000000f0000000, 0x0000000100000000, 0x0000000100000000)
  eden space 185856K, 0% used [0x00000000f0000000,0x00000000f0000000,0x00000000fb580000)
  from space 37376K, 25% used [0x00000000fb580000,0x00000000fbed7300,0x00000000fda00000)
  to   space 35328K, 0% used [0x00000000fdd80000,0x00000000fdd80000,0x0000000100000000)
 ParOldGen       total 524288K, used 157203K [0x00000000d0000000, 0x00000000f0000000, 0x00000000f0000000)
  object space 524288K, 29% used [0x00000000d0000000,0x00000000d9984d60,0x00000000f0000000)
 Metaspace       used 80881K, capacity 86124K, committed 86400K, reserved 1124352K
  class space    used 10607K, capacity 12120K, committed 12160K, reserved 1048576K
}

